[21:57:56] [ServerMain/INFO]: Environment: authHost='https://authserver.mojang.com', accountsHost='https://api.mojang.com', sessionHost='https://sessionserver.mojang.com', servicesHost='https://api.minecraftservices.com', name='PROD'
[21:58:00] [ServerMain/INFO]: Loaded 7 recipes
[21:58:01] [Server thread/INFO]: Starting minecraft server version 1.20
[21:58:01] [Server thread/INFO]: Loading properties
[21:58:01] [Server thread/INFO]: This server is running CraftBukkit version 3781-Spigot-16cfc98-fd92f1e (MC: 1.20) (Implementing API version 1.20-R0.1-SNAPSHOT)
[21:58:01] [Server thread/INFO]: Debug logging is disabled
[21:58:01] [Server thread/INFO]: Server Ping Player Sample Count: 12
[21:58:01] [Server thread/INFO]: Using 4 threads for Netty based IO
[21:58:01] [Server thread/INFO]: Default game type: SURVIVAL
[21:58:01] [Server thread/INFO]: Generating keypair
[21:58:01] [Server thread/INFO]: Starting Minecraft server on *:25565
[21:58:01] [Server thread/INFO]: Using default channel type
[21:58:01] [Server thread/WARN]: **** SERVER IS RUNNING IN OFFLINE/INSECURE MODE!
[21:58:01] [Server thread/WARN]: The server will make no attempt to authenticate usernames. Beware.
[21:58:01] [Server thread/WARN]: While this makes the game possible to play without internet access, it also opens up the ability for hackers to connect with any username they choose.
[21:58:01] [Server thread/WARN]: To change this, set "online-mode" to "true" in the server.properties file.
[21:58:01] [Server thread/INFO]: Preparing level "world"
[21:58:02] [Server thread/INFO]: -------- World Settings For [world] --------
[21:58:02] [Server thread/INFO]: Zombie Aggressive Towards Villager: true
[21:58:02] [Server thread/INFO]: Arrow Despawn Rate: 1200 Trident Respawn Rate:1200
[21:58:02] [Server thread/INFO]: Item Despawn Rate: 6000
[21:58:02] [Server thread/INFO]: Item Merge Radius: 2.5
[21:58:02] [Server thread/INFO]: Simulation Distance: 10
[21:58:02] [Server thread/INFO]: View Distance: 10
[21:58:02] [Server thread/INFO]: Allow Zombie Pigmen to spawn from portal blocks: true
[21:58:02] [Server thread/INFO]: Experience Merge Radius: 3.0
[21:58:02] [Server thread/INFO]: Mob Spawn Range: 6
[21:58:02] [Server thread/INFO]: Cactus Growth Modifier: 100%
[21:58:02] [Server thread/INFO]: Cane Growth Modifier: 100%
[21:58:02] [Server thread/INFO]: Melon Growth Modifier: 100%
[21:58:02] [Server thread/INFO]: Mushroom Growth Modifier: 100%
[21:58:02] [Server thread/INFO]: Pumpkin Growth Modifier: 100%
[21:58:02] [Server thread/INFO]: Sapling Growth Modifier: 100%
[21:58:02] [Server thread/INFO]: Beetroot Growth Modifier: 100%
[21:58:02] [Server thread/INFO]: Carrot Growth Modifier: 100%
[21:58:02] [Server thread/INFO]: Potato Growth Modifier: 100%
[21:58:02] [Server thread/INFO]: Wheat Growth Modifier: 100%
[21:58:02] [Server thread/INFO]: NetherWart Growth Modifier: 100%
[21:58:02] [Server thread/INFO]: Vine Growth Modifier: 100%
[21:58:02] [Server thread/INFO]: Cocoa Growth Modifier: 100%
[21:58:02] [Server thread/INFO]: Bamboo Growth Modifier: 100%
[21:58:02] [Server thread/INFO]: SweetBerry Growth Modifier: 100%
[21:58:02] [Server thread/INFO]: Kelp Growth Modifier: 100%
[21:58:02] [Server thread/INFO]: TwistingVines Growth Modifier: 100%
[21:58:02] [Server thread/INFO]: WeepingVines Growth Modifier: 100%
[21:58:02] [Server thread/INFO]: CaveVines Growth Modifier: 100%
[21:58:02] [Server thread/INFO]: Entity Activation Range: An 32 / Mo 32 / Ra 48 / Mi 16 / Tiv true / Isa false
[21:58:02] [Server thread/INFO]: Entity Tracking Range: Pl 48 / An 48 / Mo 48 / Mi 32 / Di 128 / Other 64
[21:58:02] [Server thread/INFO]: Hopper Transfer: 8 Hopper Check: 1 Hopper Amount: 1 Hopper Can Load Chunks: false
[21:58:02] [Server thread/INFO]: Custom Map Seeds:  Village: 10387312 Desert: 14357617 Igloo: 14357618 Jungle: 14357619 Swamp: 14357620 Monument: 10387313 Ocean: 14357621 Shipwreck: 165745295 End City: 10387313 Slime: 987234911 Nether: 30084232 Mansion: 10387319 Fossil: 14357921 Portal: 34222645
[21:58:02] [Server thread/INFO]: Max TNT Explosions: 100
[21:58:02] [Server thread/INFO]: Tile Max Tick Time: 50ms Entity max Tick Time: 50ms
[21:58:02] [Server thread/INFO]: Nerfing mobs spawned from spawners: false
[21:58:02] [Server thread/INFO]: -------- World Settings For [world_nether] --------
[21:58:02] [Server thread/INFO]: Zombie Aggressive Towards Villager: true
[21:58:02] [Server thread/INFO]: Arrow Despawn Rate: 1200 Trident Respawn Rate:1200
[21:58:02] [Server thread/INFO]: Item Despawn Rate: 6000
[21:58:02] [Server thread/INFO]: Item Merge Radius: 2.5
[21:58:02] [Server thread/INFO]: Simulation Distance: 10
[21:58:02] [Server thread/INFO]: View Distance: 10
[21:58:02] [Server thread/INFO]: Allow Zombie Pigmen to spawn from portal blocks: true
[21:58:02] [Server thread/INFO]: Experience Merge Radius: 3.0
[21:58:02] [Server thread/INFO]: Mob Spawn Range: 6
[21:58:02] [Server thread/INFO]: Cactus Growth Modifier: 100%
[21:58:02] [Server thread/INFO]: Cane Growth Modifier: 100%
[21:58:02] [Server thread/INFO]: Melon Growth Modifier: 100%
[21:58:02] [Server thread/INFO]: Mushroom Growth Modifier: 100%
[21:58:02] [Server thread/INFO]: Pumpkin Growth Modifier: 100%
[21:58:02] [Server thread/INFO]: Sapling Growth Modifier: 100%
[21:58:02] [Server thread/INFO]: Beetroot Growth Modifier: 100%
[21:58:02] [Server thread/INFO]: Carrot Growth Modifier: 100%
[21:58:02] [Server thread/INFO]: Potato Growth Modifier: 100%
[21:58:02] [Server thread/INFO]: Wheat Growth Modifier: 100%
[21:58:02] [Server thread/INFO]: NetherWart Growth Modifier: 100%
[21:58:02] [Server thread/INFO]: Vine Growth Modifier: 100%
[21:58:02] [Server thread/INFO]: Cocoa Growth Modifier: 100%
[21:58:02] [Server thread/INFO]: Bamboo Growth Modifier: 100%
[21:58:02] [Server thread/INFO]: SweetBerry Growth Modifier: 100%
[21:58:02] [Server thread/INFO]: Kelp Growth Modifier: 100%
[21:58:02] [Server thread/INFO]: TwistingVines Growth Modifier: 100%
[21:58:02] [Server thread/INFO]: WeepingVines Growth Modifier: 100%
[21:58:02] [Server thread/INFO]: CaveVines Growth Modifier: 100%
[21:58:02] [Server thread/INFO]: Entity Activation Range: An 32 / Mo 32 / Ra 48 / Mi 16 / Tiv true / Isa false
[21:58:02] [Server thread/INFO]: Entity Tracking Range: Pl 48 / An 48 / Mo 48 / Mi 32 / Di 128 / Other 64
[21:58:02] [Server thread/INFO]: Hopper Transfer: 8 Hopper Check: 1 Hopper Amount: 1 Hopper Can Load Chunks: false
[21:58:02] [Server thread/INFO]: Custom Map Seeds:  Village: 10387312 Desert: 14357617 Igloo: 14357618 Jungle: 14357619 Swamp: 14357620 Monument: 10387313 Ocean: 14357621 Shipwreck: 165745295 End City: 10387313 Slime: 987234911 Nether: 30084232 Mansion: 10387319 Fossil: 14357921 Portal: 34222645
[21:58:02] [Server thread/INFO]: Max TNT Explosions: 100
[21:58:02] [Server thread/INFO]: Tile Max Tick Time: 50ms Entity max Tick Time: 50ms
[21:58:02] [Server thread/INFO]: Nerfing mobs spawned from spawners: false
[21:58:05] [Server thread/INFO]: -------- World Settings For [world_the_end] --------
[21:58:05] [Server thread/INFO]: Zombie Aggressive Towards Villager: true
[21:58:05] [Server thread/INFO]: Arrow Despawn Rate: 1200 Trident Respawn Rate:1200
[21:58:05] [Server thread/INFO]: Item Despawn Rate: 6000
[21:58:05] [Server thread/INFO]: Item Merge Radius: 2.5
[21:58:05] [Server thread/INFO]: Simulation Distance: 10
[21:58:05] [Server thread/INFO]: View Distance: 10
[21:58:05] [Server thread/INFO]: Allow Zombie Pigmen to spawn from portal blocks: true
[21:58:05] [Server thread/INFO]: Experience Merge Radius: 3.0
[21:58:05] [Server thread/INFO]: Mob Spawn Range: 6
[21:58:05] [Server thread/INFO]: Cactus Growth Modifier: 100%
[21:58:05] [Server thread/INFO]: Cane Growth Modifier: 100%
[21:58:05] [Server thread/INFO]: Melon Growth Modifier: 100%
[21:58:05] [Server thread/INFO]: Mushroom Growth Modifier: 100%
[21:58:05] [Server thread/INFO]: Pumpkin Growth Modifier: 100%
[21:58:05] [Server thread/INFO]: Sapling Growth Modifier: 100%
[21:58:05] [Server thread/INFO]: Beetroot Growth Modifier: 100%
[21:58:05] [Server thread/INFO]: Carrot Growth Modifier: 100%
[21:58:05] [Server thread/INFO]: Potato Growth Modifier: 100%
[21:58:05] [Server thread/INFO]: Wheat Growth Modifier: 100%
[21:58:05] [Server thread/INFO]: NetherWart Growth Modifier: 100%
[21:58:05] [Server thread/INFO]: Vine Growth Modifier: 100%
[21:58:05] [Server thread/INFO]: Cocoa Growth Modifier: 100%
[21:58:05] [Server thread/INFO]: Bamboo Growth Modifier: 100%
[21:58:05] [Server thread/INFO]: SweetBerry Growth Modifier: 100%
[21:58:05] [Server thread/INFO]: Kelp Growth Modifier: 100%
[21:58:05] [Server thread/INFO]: TwistingVines Growth Modifier: 100%
[21:58:05] [Server thread/INFO]: WeepingVines Growth Modifier: 100%
[21:58:05] [Server thread/INFO]: CaveVines Growth Modifier: 100%
[21:58:05] [Server thread/INFO]: Entity Activation Range: An 32 / Mo 32 / Ra 48 / Mi 16 / Tiv true / Isa false
[21:58:05] [Server thread/INFO]: Entity Tracking Range: Pl 48 / An 48 / Mo 48 / Mi 32 / Di 128 / Other 64
[21:58:05] [Server thread/INFO]: Hopper Transfer: 8 Hopper Check: 1 Hopper Amount: 1 Hopper Can Load Chunks: false
[21:58:05] [Server thread/INFO]: Custom Map Seeds:  Village: 10387312 Desert: 14357617 Igloo: 14357618 Jungle: 14357619 Swamp: 14357620 Monument: 10387313 Ocean: 14357621 Shipwreck: 165745295 End City: 10387313 Slime: 987234911 Nether: 30084232 Mansion: 10387319 Fossil: 14357921 Portal: 34222645
[21:58:05] [Server thread/INFO]: Max TNT Explosions: 100
[21:58:05] [Server thread/INFO]: Tile Max Tick Time: 50ms Entity max Tick Time: 50ms
[21:58:05] [Server thread/INFO]: Nerfing mobs spawned from spawners: false
[21:58:05] [Server thread/INFO]: Preparing start region for dimension minecraft:overworld
[21:58:11] [Worker-Main-3/INFO]: Preparing spawn area: 0%
[21:58:11] [Worker-Main-3/INFO]: Preparing spawn area: 0%
[21:58:11] [Worker-Main-3/INFO]: Preparing spawn area: 0%
[21:58:11] [Worker-Main-3/INFO]: Preparing spawn area: 0%
[21:58:11] [Worker-Main-3/INFO]: Preparing spawn area: 0%
[21:58:11] [Worker-Main-3/INFO]: Preparing spawn area: 0%
[21:58:11] [Worker-Main-3/INFO]: Preparing spawn area: 0%
[21:58:11] [Worker-Main-3/INFO]: Preparing spawn area: 0%
[21:58:11] [Worker-Main-3/INFO]: Preparing spawn area: 0%
[21:58:11] [Worker-Main-2/INFO]: Preparing spawn area: 0%
[21:58:11] [Worker-Main-2/INFO]: Preparing spawn area: 0%
[21:58:11] [Worker-Main-2/INFO]: Preparing spawn area: 0%
[21:58:11] [Worker-Main-2/INFO]: Preparing spawn area: 2%
[21:58:12] [Worker-Main-3/INFO]: Preparing spawn area: 5%
[21:58:12] [Server thread/INFO]: Time elapsed: 7081 ms
[21:58:13] [Server thread/INFO]: Preparing start region for dimension minecraft:the_nether
[21:58:17] [Worker-Main-3/INFO]: Preparing spawn area: 0%
[21:58:17] [Worker-Main-3/INFO]: Preparing spawn area: 0%
[21:58:17] [Worker-Main-2/INFO]: Preparing spawn area: 0%
[21:58:17] [Worker-Main-1/INFO]: Preparing spawn area: 0%
[21:58:17] [Worker-Main-3/INFO]: Preparing spawn area: 0%
[21:58:17] [Worker-Main-2/INFO]: Preparing spawn area: 0%
[21:58:17] [Worker-Main-3/INFO]: Preparing spawn area: 0%
[21:58:17] [Worker-Main-1/INFO]: Preparing spawn area: 0%
[21:58:17] [Worker-Main-3/INFO]: Preparing spawn area: 0%
[21:58:17] [Worker-Main-3/INFO]: Preparing spawn area: 0%
[21:58:18] [Worker-Main-2/INFO]: Preparing spawn area: 32%
[21:58:18] [Server thread/INFO]: Time elapsed: 5363 ms
[21:58:18] [Server thread/INFO]: Preparing start region for dimension minecraft:the_end
[21:58:21] [Worker-Main-3/INFO]: Preparing spawn area: 0%
[21:58:21] [Worker-Main-3/INFO]: Preparing spawn area: 0%
[21:58:21] [Worker-Main-3/INFO]: Preparing spawn area: 0%
[21:58:21] [Worker-Main-3/INFO]: Preparing spawn area: 0%
[21:58:21] [Worker-Main-3/INFO]: Preparing spawn area: 0%
[21:58:21] [Worker-Main-1/INFO]: Preparing spawn area: 0%
[21:58:21] [Worker-Main-1/INFO]: Preparing spawn area: 0%
[21:58:21] [Worker-Main-2/INFO]: Preparing spawn area: 9%
[21:58:22] [Server thread/INFO]: Time elapsed: 3969 ms
[21:58:22] [Server thread/INFO]: Server permissions file permissions.yml is empty, ignoring it
[21:58:22] [Server thread/INFO]: Done (20.423s)! For help, type "help"
[21:58:33] [User Authenticator #1/INFO]: UUID of player phantanduy is 686742f0-a951-3bfb-baaf-469af7de6647
[21:58:33] [Server thread/INFO]: phantanduy joined the game
[21:58:33] [Server thread/INFO]: phantanduy has made the advancement [Suit Up]
[21:58:33] [Server thread/INFO]: phantanduy has made the advancement [Stone Age]
[21:58:33] [Server thread/INFO]: phantanduy has made the advancement [Acquire Hardware]
[21:58:33] [Server thread/INFO]: phantanduy has made the advancement [Isn't It Iron Pick]
[21:58:33] [Server thread/INFO]: phantanduy[/116.108.19.233:49487] logged in with entity id 181 at ([world]-64.43300015362192, 65.0, -524.4535492438722)
[21:58:44] [User Authenticator #2/INFO]: UUID of player phantantri is ba76a4aa-989a-3c59-9237-ef1e60d4d5ec
[21:58:44] [Server thread/INFO]: phantantri joined the game
[21:58:44] [Server thread/INFO]: phantantri[/116.108.19.233:60749] logged in with entity id 363 at ([world]-65.01771829211668, 69.5625, -526.5324183145709)
[21:59:10] [Server thread/INFO]: phantanduy has made the advancement [Sweet Dreams]
[21:59:41] [Server thread/INFO]: phantanduy has made the advancement [Diamonds!]
[22:00:04] [Server thread/INFO]: phantantri issued server command: /gamemde 2
[22:00:14] [Async Chat Thread - #1/INFO]: [Not Secure] <phantanduy> phat du
[22:00:20] [Async Chat Thread - #0/INFO]: [Not Secure] <phantantri> phat du
[22:01:15] [User Authenticator #3/INFO]: UUID of player taiproduaxe is b3366efc-7661-30ab-9ef7-8a37e76eeb8d
[22:01:15] [Server thread/INFO]: taiproduaxe joined the game
[22:01:15] [Server thread/INFO]: taiproduaxe[/127.0.0.1:55314] logged in with entity id 684 at ([world]-25.5, 68.0, -108.5)
[22:01:37] [Async Chat Thread - #2/INFO]: [Not Secure] <taiproduaxe> hello im hacker
[22:02:02] [Async Chat Thread - #3/INFO]: [Not Secure] <phantantri> you kill you
[22:02:18] [Async Chat Thread - #2/INFO]: [Not Secure] <phantanduy> im' gay
[22:02:23] [Server thread/INFO]: taiproduaxe was slain by Wolf
[22:02:56] [Server thread/INFO]: phantantri issued server command: /gamemde 2
[22:03:34] [Server thread/INFO]: phantanduy has made the advancement [A Seedy Place]
[22:06:29] [Server thread/INFO]: taiproduaxe was slain by phantantri
[22:10:06] [Server thread/INFO]: taiproduaxe was slain by phantantri
[22:10:25] [Async Chat Thread - #5/INFO]: [Not Secure] <phantantri> taiproduaxe
[22:10:36] [Server thread/INFO]: taiproduaxe lost connection: Disconnected
[22:10:36] [Server thread/INFO]: taiproduaxe left the game
[22:13:34] [Server thread/INFO]: phantanduy issued server command: /icanhasbukkit
[22:14:01] [Async Chat Thread - #6/INFO]: [Not Secure] <phantanduy> i'm gay
[22:21:00] [Server thread/INFO]: Teleported phantantri to phantanduy
[22:21:00] [Server thread/WARN]: phantantri moved too quickly! 12.309903658512468,98.00133597911216,-104.0
[22:33:14] [Server thread/INFO]: phantanduy has made the advancement [Getting an Upgrade]
[22:40:52] [Server thread/INFO]: phantantri has made the advancement [Diamonds!]
[22:50:01] [Server thread/INFO]: phantanduy has made the advancement [Monster Hunter]
[22:59:38] [Server thread/INFO]: phantantri lost connection: Disconnected
[22:59:38] [Server thread/INFO]: phantantri left the game
[23:00:00] [Server thread/INFO]: phantanduy lost connection: Disconnected
[23:00:00] [Server thread/INFO]: phantanduy left the game
